[debug] [2024-10-19T12:31:43.602Z] ----------------------------------------------------------------------
[debug] [2024-10-19T12:31:43.606Z] Command:       C:\Program Files\nodejs\node.exe C:\Users\smara\AppData\Roaming\npm\node_modules\firebase-tools\lib\bin\firebase.js init
[debug] [2024-10-19T12:31:43.606Z] CLI Version:   13.22.1
[debug] [2024-10-19T12:31:43.606Z] Platform:      win32
[debug] [2024-10-19T12:31:43.607Z] Node Version:  v20.18.0
[debug] [2024-10-19T12:31:43.607Z] Time:          Sat Oct 19 2024 18:01:43 GMT+0530 (India Standard Time)
[debug] [2024-10-19T12:31:43.607Z] ----------------------------------------------------------------------
[debug] 
[debug] [2024-10-19T12:31:43.684Z] > command requires scopes: ["email","openid","https://www.googleapis.com/auth/cloudplatformprojects.readonly","https://www.googleapis.com/auth/firebase","https://www.googleapis.com/auth/cloud-platform"]
[debug] [2024-10-19T12:31:43.685Z] > authorizing via signed-in user (smaranikapatnayak018@gmail.com)
[info] 
     ######## #### ########  ######## ########     ###     ######  ########
     ##        ##  ##     ## ##       ##     ##  ##   ##  ##       ##
     ######    ##  ########  ######   ########  #########  ######  ######
     ##        ##  ##    ##  ##       ##     ## ##     ##       ## ##
     ##       #### ##     ## ######## ########  ##     ##  ######  ########

You're about to initialize a Firebase project in this directory:

  D:\Healthcare code

Before we get started, keep in mind:

  * You are initializing within an existing Firebase project directory

[info] 
=== Project Setup
[info] 
[info] First, let's associate this project directory with a Firebase project.
[info] You can create multiple project aliases by running firebase use --add, 
[info] but for now we'll just set up a default project.
[info] 
[debug] [2024-10-19T12:31:51.197Z] Using project from CLI flag: revolutionizing-health-c-e7227
[debug] [2024-10-19T12:31:51.200Z] Checked if tokens are valid: true, expires at: 1729344556229
[debug] [2024-10-19T12:31:51.201Z] Checked if tokens are valid: true, expires at: 1729344556229
[debug] [2024-10-19T12:31:51.204Z] >>> [apiv2][query] GET https://firebase.googleapis.com/v1beta1/projects/revolutionizing-health-c-e7227 [none]
[debug] [2024-10-19T12:31:53.697Z] <<< [apiv2][status] GET https://firebase.googleapis.com/v1beta1/projects/revolutionizing-health-c-e7227 403
[debug] [2024-10-19T12:31:53.698Z] <<< [apiv2][body] GET https://firebase.googleapis.com/v1beta1/projects/revolutionizing-health-c-e7227 {"error":{"code":403,"message":"The caller does not have permission","status":"PERMISSION_DENIED"}}
[debug] [2024-10-19T12:31:53.699Z] HTTP Error: 403, The caller does not have permission
[debug] [2024-10-19T12:31:54.702Z] FirebaseError: HTTP Error: 403, The caller does not have permission
    at responseToError (C:\Users\smara\AppData\Roaming\npm\node_modules\firebase-tools\lib\responseToError.js:49:12)
    at RetryOperation._fn (C:\Users\smara\AppData\Roaming\npm\node_modules\firebase-tools\lib\apiv2.js:312:77)
    at process.processTicksAndRejections (node:internal/process/task_queues:95:5)
[error] 
[error] Error: Failed to get Firebase project revolutionizing-health-c-e7227. Please make sure the project exists and your account has permission to access it.
[debug] [2024-10-19T12:34:08.393Z] ----------------------------------------------------------------------
[debug] [2024-10-19T12:34:08.396Z] Command:       C:\Program Files\nodejs\node.exe C:\Users\smara\AppData\Roaming\npm\node_modules\firebase-tools\lib\bin\firebase.js init
[debug] [2024-10-19T12:34:08.396Z] CLI Version:   13.22.1
[debug] [2024-10-19T12:34:08.396Z] Platform:      win32
[debug] [2024-10-19T12:34:08.396Z] Node Version:  v20.18.0
[debug] [2024-10-19T12:34:08.396Z] Time:          Sat Oct 19 2024 18:04:08 GMT+0530 (India Standard Time)
[debug] [2024-10-19T12:34:08.397Z] ----------------------------------------------------------------------
[debug] 
[debug] [2024-10-19T12:34:08.476Z] > command requires scopes: ["email","openid","https://www.googleapis.com/auth/cloudplatformprojects.readonly","https://www.googleapis.com/auth/firebase","https://www.googleapis.com/auth/cloud-platform"]
[debug] [2024-10-19T12:34:08.477Z] > authorizing via signed-in user (smaranikapatnayak018@gmail.com)
[info] 
     ######## #### ########  ######## ########     ###     ######  ########
     ##        ##  ##     ## ##       ##     ##  ##   ##  ##       ##
     ######    ##  ########  ######   ########  #########  ######  ######
     ##        ##  ##    ##  ##       ##     ## ##     ##       ## ##
     ##       #### ##     ## ######## ########  ##     ##  ######  ########

You're about to initialize a Firebase project in this directory:

  D:\Healthcare code

Before we get started, keep in mind:

  * You are initializing within an existing Firebase project directory

[info] 
=== Project Setup
[info] 
[info] First, let's associate this project directory with a Firebase project.
[info] You can create multiple project aliases by running firebase use --add, 
[info] but for now we'll just set up a default project.
[info] 
[debug] [2024-10-19T12:34:23.866Z] Using project from CLI flag: revolutionizing-health-c-e7227
[debug] [2024-10-19T12:34:23.868Z] Checked if tokens are valid: true, expires at: 1729344556229
[debug] [2024-10-19T12:34:23.869Z] Checked if tokens are valid: true, expires at: 1729344556229
[debug] [2024-10-19T12:34:23.872Z] >>> [apiv2][query] GET https://firebase.googleapis.com/v1beta1/projects/revolutionizing-health-c-e7227 [none]
[debug] [2024-10-19T12:34:25.789Z] <<< [apiv2][status] GET https://firebase.googleapis.com/v1beta1/projects/revolutionizing-health-c-e7227 403
[debug] [2024-10-19T12:34:25.790Z] <<< [apiv2][body] GET https://firebase.googleapis.com/v1beta1/projects/revolutionizing-health-c-e7227 {"error":{"code":403,"message":"The caller does not have permission","status":"PERMISSION_DENIED"}}
[debug] [2024-10-19T12:34:25.791Z] HTTP Error: 403, The caller does not have permission
[debug] [2024-10-19T12:34:26.978Z] FirebaseError: HTTP Error: 403, The caller does not have permission
    at responseToError (C:\Users\smara\AppData\Roaming\npm\node_modules\firebase-tools\lib\responseToError.js:49:12)
    at RetryOperation._fn (C:\Users\smara\AppData\Roaming\npm\node_modules\firebase-tools\lib\apiv2.js:312:77)
    at process.processTicksAndRejections (node:internal/process/task_queues:95:5)
[error] 
[error] Error: Failed to get Firebase project revolutionizing-health-c-e7227. Please make sure the project exists and your account has permission to access it.
[debug] [2024-10-19T12:40:01.311Z] ----------------------------------------------------------------------
[debug] [2024-10-19T12:40:01.320Z] Command:       C:\Program Files\nodejs\node.exe C:\Users\smara\AppData\Roaming\npm\node_modules\firebase-tools\lib\bin\firebase.js init
[debug] [2024-10-19T12:40:01.320Z] CLI Version:   13.22.1
[debug] [2024-10-19T12:40:01.320Z] Platform:      win32
[debug] [2024-10-19T12:40:01.320Z] Node Version:  v20.18.0
[debug] [2024-10-19T12:40:01.321Z] Time:          Sat Oct 19 2024 18:10:01 GMT+0530 (India Standard Time)
[debug] [2024-10-19T12:40:01.321Z] ----------------------------------------------------------------------
[debug] 
[debug] [2024-10-19T12:40:01.386Z] > command requires scopes: ["email","openid","https://www.googleapis.com/auth/cloudplatformprojects.readonly","https://www.googleapis.com/auth/firebase","https://www.googleapis.com/auth/cloud-platform"]
[debug] [2024-10-19T12:40:01.387Z] > authorizing via signed-in user (smaranikapatnayak018@gmail.com)
[info] 
     ######## #### ########  ######## ########     ###     ######  ########
     ##        ##  ##     ## ##       ##     ##  ##   ##  ##       ##
     ######    ##  ########  ######   ########  #########  ######  ######
     ##        ##  ##    ##  ##       ##     ## ##     ##       ## ##
     ##       #### ##     ## ######## ########  ##     ##  ######  ########

You're about to initialize a Firebase project in this directory:

  D:\Healthcare code

Before we get started, keep in mind:

  * You are initializing within an existing Firebase project directory

[info] 
=== Project Setup
[info] 
[info] First, let's associate this project directory with a Firebase project.
[info] You can create multiple project aliases by running firebase use --add, 
[info] but for now we'll just set up a default project.
[info] 
[debug] [2024-10-19T12:40:12.963Z] Using project from CLI flag: revolutionizing-health-c-e7227
[debug] [2024-10-19T12:40:12.965Z] Checked if tokens are valid: true, expires at: 1729344556229
[debug] [2024-10-19T12:40:12.966Z] Checked if tokens are valid: true, expires at: 1729344556229
[debug] [2024-10-19T12:40:12.967Z] >>> [apiv2][query] GET https://firebase.googleapis.com/v1beta1/projects/revolutionizing-health-c-e7227 [none]
[debug] [2024-10-19T12:40:14.026Z] <<< [apiv2][status] GET https://firebase.googleapis.com/v1beta1/projects/revolutionizing-health-c-e7227 403
[debug] [2024-10-19T12:40:14.026Z] <<< [apiv2][body] GET https://firebase.googleapis.com/v1beta1/projects/revolutionizing-health-c-e7227 {"error":{"code":403,"message":"The caller does not have permission","status":"PERMISSION_DENIED"}}
[debug] [2024-10-19T12:40:14.027Z] HTTP Error: 403, The caller does not have permission
[debug] [2024-10-19T12:40:14.437Z] FirebaseError: HTTP Error: 403, The caller does not have permission
    at responseToError (C:\Users\smara\AppData\Roaming\npm\node_modules\firebase-tools\lib\responseToError.js:49:12)
    at RetryOperation._fn (C:\Users\smara\AppData\Roaming\npm\node_modules\firebase-tools\lib\apiv2.js:312:77)
    at process.processTicksAndRejections (node:internal/process/task_queues:95:5)
[error] 
[error] Error: Failed to get Firebase project revolutionizing-health-c-e7227. Please make sure the project exists and your account has permission to access it.
